<?xml version="1.0" encoding="UTF-8"?>
<testng-results ignored="0" total="2" passed="2" failed="0" skipped="0">
  <reporter-output>
  </reporter-output>
  <suite started-at="2022-11-01T10:42:03 CET" name="User" finished-at="2022-11-01T10:42:31 CET" duration-ms="28085">
    <groups>
    </groups>
    <test started-at="2022-11-01T10:42:03 CET" name="User" finished-at="2022-11-01T10:42:31 CET" duration-ms="28085">
      <class name="com.telran.tests.bookstore.LoginTests">
        <test-method is-config="true" signature="init()[pri:0, instance:com.telran.tests.bookstore.LoginTests@28701274]" started-at="2022-11-01T10:42:03 CET" name="init" finished-at="2022-11-01T10:42:12 CET" duration-ms="8989" status="PASS">
          <reporter-output>
          </reporter-output>
        </test-method> <!-- init -->
        <test-method is-config="true" signature="ensurePrecondition()[pri:0, instance:com.telran.tests.bookstore.LoginTests@28701274]" started-at="2022-11-01T10:42:12 CET" name="ensurePrecondition" finished-at="2022-11-01T10:42:13 CET" duration-ms="1568" status="PASS">
          <reporter-output>
          </reporter-output>
        </test-method> <!-- ensurePrecondition -->
        <test-method signature="LoginPositiveParametersTest(java.lang.String, java.lang.String)[pri:0, instance:com.telran.tests.bookstore.LoginTests@28701274]" started-at="2022-11-01T10:42:13 CET" name="LoginPositiveParametersTest" finished-at="2022-11-01T10:42:16 CET" duration-ms="2491" status="PASS">
          <params>
            <param index="0">
              <value>
                <![CDATA[l171]]>
              </value>
            </param>
            <param index="1">
              <value>
                <![CDATA[S3a88210!]]>
              </value>
            </param>
          </params>
          <reporter-output>
          </reporter-output>
        </test-method> <!-- LoginPositiveParametersTest -->
        <test-method is-config="true" signature="logOut()[pri:0, instance:com.telran.tests.bookstore.LoginTests@28701274]" started-at="2022-11-01T10:42:16 CET" name="logOut" finished-at="2022-11-01T10:42:16 CET" duration-ms="133" status="PASS">
          <reporter-output>
          </reporter-output>
        </test-method> <!-- logOut -->
        <test-method is-config="true" signature="init()[pri:0, instance:com.telran.tests.bookstore.LoginTests@28701274]" started-at="2022-11-01T10:42:16 CET" name="init" finished-at="2022-11-01T10:42:25 CET" duration-ms="8977" status="PASS">
          <reporter-output>
          </reporter-output>
        </test-method> <!-- init -->
        <test-method is-config="true" signature="ensurePrecondition()[pri:0, instance:com.telran.tests.bookstore.LoginTests@28701274]" started-at="2022-11-01T10:42:25 CET" name="ensurePrecondition" finished-at="2022-11-01T10:42:27 CET" duration-ms="1727" status="PASS">
          <reporter-output>
          </reporter-output>
        </test-method> <!-- ensurePrecondition -->
        <test-method signature="LoginPositiveTest()[pri:0, instance:com.telran.tests.bookstore.LoginTests@28701274]" started-at="2022-11-01T10:42:27 CET" name="LoginPositiveTest" finished-at="2022-11-01T10:42:31 CET" duration-ms="3764" status="PASS">
          <reporter-output>
          </reporter-output>
        </test-method> <!-- LoginPositiveTest -->
        <test-method is-config="true" signature="logOut()[pri:0, instance:com.telran.tests.bookstore.LoginTests@28701274]" started-at="2022-11-01T10:42:31 CET" name="logOut" finished-at="2022-11-01T10:42:31 CET" duration-ms="350" status="PASS">
          <reporter-output>
          </reporter-output>
        </test-method> <!-- logOut -->
      </class> <!-- com.telran.tests.bookstore.LoginTests -->
    </test> <!-- User -->
  </suite> <!-- User -->
</testng-results>
